en/assets.lst
en/cmudict-en-us.dict
en/digits.gram
en/en-phone.dmp
en/en-us-ptm/README
en/en-us-ptm/feat.params
en/en-us-ptm/mdef
en/en-us-ptm/means
en/en-us-ptm/noisedict
en/en-us-ptm/sendump
en/en-us-ptm/transition_matrices
en/en-us-ptm/variances
en/menu.gram
en/weather.dmp
fr/fr-phone.lm.dmp
fr/fr-ptm/README
fr/fr-ptm/feat.params
fr/fr-ptm/mdef
fr/fr-ptm/means
fr/fr-ptm/mixture_weights
fr/fr-ptm/noisedict
fr/fr-ptm/sendump
fr/fr-ptm/transition_matrices
fr/fr-ptm/variances
fr/frenchWords62K.dic